Build started 06/04/2015 00:30:50.
     1>Project "C:\Users\Yann\Documents\Visual Studio 2013\Projects\square\square\square.vcxproj" on node 2 (Build target(s)).
     1>ClCompile:
         D:\Microsoft Visual Studio 12.0\VC\bin\CL.exe /c /ZI /nologo /W3 /WX- /sdl /Od /Oy- /D WIN32 /D _DEBUG /D _WINDOWS /D _USRDLL /D SQUARE_EXPORTS /D _WINDLL /D _UNICODE /D UNICODE /Gm /EHsc /RTC1 /MDd /GS /fp:precise /Zc:wchar_t /Zc:forScope /Fo"Debug\\" /Fd"Debug\vc120.pdb" /Gd /TP /analyze- /errorReport:prompt defFile.def
         defFile.def
     1>c:\users\yann\documents\visual studio 2013\projects\square\square\deffile.def(3): error C2143: syntax error : missing ';' before 'string'
     1>c:\users\yann\documents\visual studio 2013\projects\square\square\deffile.def(3): error C4430: missing type specifier - int assumed. Note: C++ does not support default-int
     1>Done Building Project "C:\Users\Yann\Documents\Visual Studio 2013\Projects\square\square\square.vcxproj" (Build target(s)) -- FAILED.

Build FAILED.

Time Elapsed 00:00:00.06
